2024-04-05 08:16:43,833:INFO:New cache file created.
2024-04-05 08:17:12,784:INFO:Endereço 'Avenida Washigton Soares' não foi geocodificado com sucesso.
2024-04-05 08:17:36,440:INFO:Endereço 'Rua Aloisio Barros Leal' não foi geocodificado com sucesso.
2024-04-05 08:17:40,572:INFO:Endereço 'Rua Cleiton Heládio Pimenta' não foi geocodificado com sucesso.
2024-04-05 08:18:02,314:INFO:Endereço 'Rua Manoel Giffoni' não foi geocodificado com sucesso.
2024-04-05 08:22:10,911:INFO:New cache file created.
2024-04-05 08:22:16,642:INFO:Endereço 'Avenida Washigton Soares' não foi geocodificado com sucesso.
2024-04-05 08:22:23,725:INFO:Endereço 'Rua Aloisio Barros Leal' não foi geocodificado com sucesso.
2024-04-05 08:22:25,078:INFO:Endereço 'Rua Cleiton Heládio Pimenta' não foi geocodificado com sucesso.
2024-04-05 08:23:14,752:INFO:Endereço 'Avenida Washigton Soares' não foi geocodificado com sucesso.
2024-04-05 08:23:18,140:INFO:Endereço 'Rua Aloisio Barros Leal' não foi geocodificado com sucesso.
2024-04-05 08:23:19,078:INFO:Endereço 'Rua Cleiton Heládio Pimenta' não foi geocodificado com sucesso.
2024-04-05 08:23:24,206:INFO:Endereço 'Rua Manoel Giffoni' não foi geocodificado com sucesso.
2024-04-05 08:26:27,827:INFO:Endereço 'Avenida Washigton Soares' não foi geocodificado com sucesso.
2024-04-05 08:26:31,447:INFO:Endereço 'Rua Aloisio Barros Leal' não foi geocodificado com sucesso.
2024-04-05 08:26:32,488:INFO:Endereço 'Rua Cleiton Heládio Pimenta' não foi geocodificado com sucesso.
2024-04-05 08:26:36,489:INFO:Endereço 'Rua Manoel Giffoni' não foi geocodificado com sucesso.
2024-04-05 09:39:17,185:INFO:Endereço 'Avenida Washigton Soares' não foi geocodificado com sucesso.
2024-04-05 09:39:20,677:INFO:Endereço 'Rua Aloisio Barros Leal' não foi geocodificado com sucesso.
2024-04-05 09:40:24,514:INFO:Endereço 'Avenida Washigton Soares' não foi geocodificado com sucesso.
2024-04-05 09:40:28,222:INFO:Endereço 'Rua Aloisio Barros Leal' não foi geocodificado com sucesso.
2024-04-05 09:40:29,281:INFO:Endereço 'Rua Cleiton Heládio Pimenta' não foi geocodificado com sucesso.
2024-04-05 09:40:33,394:INFO:Endereço 'Rua Manoel Giffoni' não foi geocodificado com sucesso.
